[debug] [2021-10-25T19:53:26.711Z] ----------------------------------------------------------------------
[debug] [2021-10-25T19:53:26.717Z] Command:       D:\Program Files\nodejs\node.exe D:\Users\DovahKiin\AppData\Roaming\npm\node_modules\firebase-tools\lib\bin\firebase.js init
[debug] [2021-10-25T19:53:26.718Z] CLI Version:   9.18.0
[debug] [2021-10-25T19:53:26.718Z] Platform:      win32
[debug] [2021-10-25T19:53:26.718Z] Node Version:  v14.17.6
[debug] [2021-10-25T19:53:26.721Z] Time:          Tue Oct 26 2021 01:23:26 GMT+0530 (India Standard Time)
[debug] [2021-10-25T19:53:26.721Z] ----------------------------------------------------------------------
[debug] 
[debug] [2021-10-25T19:53:26.743Z] >>> [apiv2][query] GET https://firebase-public.firebaseio.com/cli.json [none]
[debug] [2021-10-25T19:53:26.846Z] > command requires scopes: ["email","openid","https://www.googleapis.com/auth/cloudplatformprojects.readonly","https://www.googleapis.com/auth/firebase","https://www.googleapis.com/auth/cloud-platform"]
[debug] [2021-10-25T19:53:26.847Z] > authorizing via signed-in user (modder786@gmail.com)
[info] 
     ######## #### ########  ######## ########     ###     ######  ########
     ##        ##  ##     ## ##       ##     ##  ##   ##  ##       ##
     ######    ##  ########  ######   ########  #########  ######  ######
     ##        ##  ##    ##  ##       ##     ## ##     ##       ## ##
     ##       #### ##     ## ######## ########  ##     ##  ######  ########

You're about to initialize a Firebase project in this directory:

  E:\Backup\Angulr\watchmore2020

[debug] [2021-10-25T19:53:27.828Z] <<< [apiv2][status] GET https://firebase-public.firebaseio.com/cli.json 200
[debug] [2021-10-25T19:53:27.828Z] <<< [apiv2][body] GET https://firebase-public.firebaseio.com/cli.json {"cloudBuildErrorAfter":1594252800000,"cloudBuildWarnAfter":1590019200000,"defaultNode10After":1594252800000,"minVersion":"3.0.5","node8DeploysDisabledAfter":1613390400000,"node8RuntimeDisabledAfter":1615809600000,"node8WarnAfter":1600128000000}
